<?xml version="1.0" encoding="utf-8"?><testsuites name="pytest tests"><testsuite name="pytest" errors="0" failures="0" skipped="0" tests="13" time="2.647" timestamp="2026-09-05T13:06:44.769628+00:00" hostname="agent-env-a1b0af65-492e-4828-9106-1e980f978288"><testcase classname="tests.test_iteration3.TestLibraryDevice3" name="test_a_library_get_initial" time="0.318" /><testcase classname="tests.test_iteration3.TestFullLengthPlayback" name="test_trending_has_full_length_songs" time="0.641" /><testcase classname="tests.test_iteration3.TestFullLengthPlayback" name="test_stream_full_length_content" time="0.328" /><testcase classname="tests.test_iteration3.TestLibraryDevice3" name="test_b_favorite_toggle" time="0.475" /><testcase classname="tests.test_iteration3.TestLibraryDevice3" name="test_c_recent_add" time="0.057" /><testcase classname="tests.test_iteration3.TestLibraryDevice3" name="test_d_playlist_create_add_reorder_delete" time="0.292" /><testcase classname="tests.test_iteration3.TestFullLengthPlayback" name="test_stream_range_request" time="0.340" /><testcase classname="tests.test_iteration3.TestLibraryDevice3" name="test_e_reorder_unknown_playlist_404" time="0.049" /><testcase classname="tests.test_iteration3.TestTrendingGenre" name="test_trending_electronic" time="0.124" /><testcase classname="tests.test_iteration3.TestArtist" name="test_artist_jaybird" time="0.355" /><testcase classname="tests.test_iteration3.TestSearch" name="test_search_lofi_shapes" time="0.240" /><testcase classname="tests.test_iteration3.TestLyrics" name="test_believer_synced" time="0.763" /><testcase classname="tests.test_iteration3.TestArtist" name="test_artist_unknown_404" time="0.113" /></testsuite></testsuites>