<?xml version="1.0" encoding="utf-8"?><testsuites name="pytest tests"><testsuite name="pytest" errors="0" failures="0" skipped="0" tests="3" time="22.878" timestamp="2026-09-05T19:52:52.305881+00:00" hostname="agent-env-a1b0af65-492e-4828-9106-1e980f978288"><testcase classname="tests.test_iteration13" name="test_lyrics_for_5_hindi_trending_tracks" time="3.118" /><testcase classname="tests.test_iteration13" name="test_lyrics_wrong_duration_never_500" time="4.373" /><testcase classname="tests.test_iteration13" name="test_lyrics_wrong_duration_all_five" time="15.083" /></testsuite></testsuites>