<?xml version="1.0" encoding="utf-8"?><testsuites name="pytest tests"><testsuite name="pytest" errors="0" failures="0" skipped="0" tests="9" time="1.304" timestamp="2026-09-05T12:47:53.021661+00:00" hostname="agent-env-a1b0af65-492e-4828-9106-1e980f978288"><testcase classname="tests.test_iteration2.TestPlaylistReorder" name="test_a_create_playlist" time="0.282" /><testcase classname="tests.test_iteration2.TestArtist" name="test_artist_jayb1rdmusic" time="0.696" /><testcase classname="tests.test_iteration2.TestPlaylistReorder" name="test_b_add_three_tracks" time="0.186" /><testcase classname="tests.test_iteration2.TestPlaylistReorder" name="test_c_reorder_sets_exact_order" time="0.092" /><testcase classname="tests.test_iteration2.TestPlaylistReorder" name="test_d_reorder_reverse" time="0.045" /><testcase classname="tests.test_iteration2.TestPlaylistReorder" name="test_e_reorder_invalid_playlist_404" time="0.045" /><testcase classname="tests.test_iteration2.TestPlaylistReorder" name="test_f_cleanup" time="0.135" /><testcase classname="tests.test_iteration2.TestArtist" name="test_artist_not_found" time="0.137" /><testcase classname="tests.test_iteration2.TestFavoriteArtistHandle" name="test_favorite_accepts_artist_handle" time="0.109" /></testsuite></testsuites>