<?xml version="1.0" encoding="utf-8"?><testsuites name="pytest tests"><testsuite name="pytest" errors="0" failures="0" skipped="0" tests="10" time="2.998" timestamp="2026-09-05T17:40:10.185510+00:00" hostname="agent-env-a1b0af65-492e-4828-9106-1e980f978288"><testcase classname="tests.test_iteration7.TestRegression" name="test_recommendations" time="0.825" /><testcase classname="tests.test_iteration7.TestStructuredSearch" name="test_kesariya_shape_and_attribution" time="0.588" /><testcase classname="tests.test_iteration7.TestStructuredSearch" name="test_kesariya_lofi_allows_variants" time="0.414" /><testcase classname="tests.test_iteration7.TestRegression" name="test_suggest_arij" time="0.398" /><testcase classname="tests.test_iteration7.TestStructuredSearch" name="test_arijit_singh_top_artist" time="0.764" /><testcase classname="tests.test_iteration7.TestRegression" name="test_lyrics_hindi_trending" time="1.148" /><testcase classname="tests.test_iteration7.TestStructuredSearch" name="test_missing_q_returns_422" time="0.042" /><testcase classname="tests.test_iteration7.TestTrendingAttribution" name="test_trending_exposes_artists_and_handle" time="0.395" /><testcase classname="tests.test_iteration7.TestTrendingAttribution" name="test_legacy_tracks_search_kesariya_singer_first" time="0.478" /><testcase classname="tests.test_iteration7.TestRegression" name="test_jam_lifecycle" time="0.168" /></testsuite></testsuites>