<?xml version="1.0" encoding="utf-8"?><testsuites name="pytest tests"><testsuite name="pytest" errors="0" failures="0" skipped="0" tests="10" time="8.901" timestamp="2026-09-05T17:19:02.315964+00:00" hostname="agent-env-a1b0af65-492e-4828-9106-1e980f978288"><testcase classname="tests.test_iteration6.TestSearchSuggest" name="test_suggest_arij" time="0.752" /><testcase classname="tests.test_iteration6" name="test_jam_websocket_flow" time="0.401" /><testcase classname="tests.test_iteration6" name="test_jam_ws_host_disconnect_sends_ended_to_guest" time="0.210" /><testcase classname="tests.test_iteration6" name="test_jam_ws_public_wss_best_effort" time="0.623" /><testcase classname="tests.test_iteration6.TestSearchSuggest" name="test_suggest_kesar" time="0.426" /><testcase classname="tests.test_iteration6.TestSearchSuggest" name="test_suggest_short_query" time="0.382" /><testcase classname="tests.test_iteration6.TestLyrics" name="test_hindi_trending_lyrics_mostly_synced" time="5.752" /><testcase classname="tests.test_iteration6.TestSearchSuggest" name="test_suggest_missing_q" time="0.051" /><testcase classname="tests.test_iteration6.TestJamRest" name="test_jam_create_get_delete_flow" time="0.451" /><testcase classname="tests.test_iteration6.TestLyrics" name="test_lyrics_with_from_movie_suffix" time="1.576" /></testsuite></testsuites>