<?xml version="1.0" encoding="utf-8"?><testsuites name="pytest tests"><testsuite name="pytest" errors="0" failures="0" skipped="0" tests="3" time="2.849" timestamp="2026-09-05T19:07:02.365662+00:00" hostname="agent-env-a1b0af65-492e-4828-9106-1e980f978288"><testcase classname="tests.test_iteration11" name="test_search_hosanna_no_top_no_artist_songs" time="0.884" /><testcase classname="tests.test_iteration11" name="test_search_arijit_singh_has_top_and_artist_songs" time="0.788" /><testcase classname="tests.test_iteration11" name="test_search_kesariya" time="0.868" /></testsuite></testsuites>