<?xml version="1.0" encoding="utf-8"?><testsuites name="pytest tests"><testsuite name="pytest" errors="0" failures="0" skipped="0" tests="7" time="3.973" timestamp="2026-09-05T20:42:41.632540+00:00" hostname="agent-env-a1b0af65-492e-4828-9106-1e980f978288"><testcase classname="tests.test_iteration14.TestBlindingLightsRich" name="test_blinding_lights_rich" time="0.149" /><testcase classname="tests.test_iteration14.TestRegression" name="test_trending" time="0.500" /><testcase classname="tests.test_iteration14.TestBlindingLightsRich" name="test_blinding_lights_second_call_is_fast" time="0.108" /><testcase classname="tests.test_iteration14.TestRegression" name="test_trending_hindi" time="0.423" /><testcase classname="tests.test_iteration14.TestHindiTracksLyrics" name="test_five_hindi_tracks_lyrics_shape_and_rich" time="1.890" /><testcase classname="tests.test_iteration14.TestRegression" name="test_search_arijit" time="0.477" /><testcase classname="tests.test_iteration14.TestRegression" name="test_recommendations" time="2.259" /></testsuite></testsuites>