<?xml version="1.0" encoding="utf-8"?><testsuites name="pytest tests"><testsuite name="pytest" errors="0" failures="0" skipped="0" tests="7" time="10.395" timestamp="2026-09-05T18:10:30.440570+00:00" hostname="agent-env-a1b0af65-492e-4828-9106-1e980f978288"><testcase classname="tests.test_iteration8" name="test_health" time="0.841" /><testcase classname="tests.test_iteration8" name="test_mixes_cold_device" time="0.057" /><testcase classname="tests.test_iteration8" name="test_seed_history_and_mixes" time="3.123" /><testcase classname="tests.test_iteration8" name="test_lyrics_tum_hi_ho_no_devanagari" time="0.607" /><testcase classname="tests.test_iteration8" name="test_lyrics_script_native_ok" time="0.197" /><testcase classname="tests.test_iteration8" name="test_lyrics_hindi_trending_latin" time="2.921" /><testcase classname="tests.test_iteration8" name="test_related_cleanliness" time="1.818" /></testsuite></testsuites>