<?xml version="1.0" encoding="utf-8"?><testsuites name="pytest tests"><testsuite name="pytest" errors="0" failures="0" skipped="0" tests="14" time="3.763" timestamp="2026-09-05T13:36:44.324707+00:00" hostname="agent-env-a1b0af65-492e-4828-9106-1e980f978288"><testcase classname="tests.test_iteration4.TestLibraryDevice4" name="test_a_library_get_initial" time="0.322" /><testcase classname="tests.test_iteration4.TestTrendingLanguages" name="test_trending_by_language[Hindi]" time="0.778" /><testcase classname="tests.test_iteration4.TestTrendingLanguages" name="test_trending_by_language[English]" time="0.421" /><testcase classname="tests.test_iteration4.TestLibraryDevice4" name="test_b_favorite_toggle_with_new_fields" time="0.656" /><testcase classname="tests.test_iteration4.TestLibraryDevice4" name="test_c_recent_add" time="0.059" /><testcase classname="tests.test_iteration4.TestLibraryDevice4" name="test_d_playlist_create_add_reorder_delete" time="0.339" /><testcase classname="tests.test_iteration4.TestTrendingLanguages" name="test_trending_by_language[Punjabi]" time="0.457" /><testcase classname="tests.test_iteration4.TestLibraryDevice4" name="test_e_reorder_unknown_playlist_404" time="0.060" /><testcase classname="tests.test_iteration4.TestStream" name="test_stream_full_length" time="0.559" /><testcase classname="tests.test_iteration4.TestSearch" name="test_search_kesariya" time="0.413" /><testcase classname="tests.test_iteration4.TestStream" name="test_stream_range_206" time="0.623" /><testcase classname="tests.test_iteration4.TestSearch" name="test_search_arijit" time="0.386" /><testcase classname="tests.test_iteration4.TestLyrics" name="test_lyrics_kesariya" time="0.350" /><testcase classname="tests.test_iteration4.TestArtist" name="test_artist_from_trending" time="0.808" /></testsuite></testsuites>