<?xml version="1.0" encoding="utf-8"?><testsuites name="pytest tests"><testsuite name="pytest" errors="0" failures="0" skipped="0" tests="14" time="4.886" timestamp="2026-09-05T14:50:18.346310+00:00" hostname="agent-env-a1b0af65-492e-4828-9106-1e980f978288"><testcase classname="tests.test_iteration5.TestAppVersion" name="test_a_no_release_initial" time="0.276" /><testcase classname="tests.test_iteration5.TestAppVersion" name="test_b_publish_wrong_pin" time="0.073" /><testcase classname="tests.test_iteration5.TestAppVersion" name="test_c_publish_correct_pin" time="0.061" /><testcase classname="tests.test_iteration5.TestAppVersion" name="test_d_update_available_when_older" time="0.061" /><testcase classname="tests.test_iteration5.TestAppVersion" name="test_e_no_update_when_same" time="0.058" /><testcase classname="tests.test_iteration5.TestAppVersion" name="test_f_releases_contains" time="0.058" /><testcase classname="tests.test_iteration5.TestAppVersion" name="test_g_cleanup" time="0.064" /><testcase classname="tests.test_iteration5.TestStreamQualities" name="test_range_206[96]" time="1.268" /><testcase classname="tests.test_iteration5.TestRecommendations" name="test_reco_basic" time="0.868" /><testcase classname="tests.test_iteration5.TestStreamQualities" name="test_range_206[160]" time="0.454" /><testcase classname="tests.test_iteration5.TestRecommendations" name="test_reco_exclude" time="0.820" /><testcase classname="tests.test_iteration5.TestStreamQualities" name="test_range_206[320]" time="0.511" /><testcase classname="tests.test_iteration5.TestPalette" name="test_palette" time="0.273" /><testcase classname="tests.test_iteration5.TestRadio" name="test_radio_basic" time="2.107" /></testsuite></testsuites>