<?xml version="1.0" encoding="utf-8"?><testsuites name="pytest tests"><testsuite name="pytest" errors="0" failures="0" skipped="0" tests="3" time="1.851" timestamp="2026-09-05T19:13:50.883148+00:00" hostname="agent-env-a1b0af65-492e-4828-9106-1e980f978288"><testcase classname="tests.test_iteration12" name="test_suggest_arij_artist_first" time="0.750" /><testcase classname="tests.test_iteration12" name="test_suggest_kesar_has_kesariya_song" time="0.376" /><testcase classname="tests.test_iteration12" name="test_suggest_tum_hi_ho_song_first" time="0.416" /></testsuite></testsuites>