<?xml version="1.0" encoding="utf-8"?><testsuites name="pytest tests"><testsuite name="pytest" errors="0" failures="0" skipped="0" tests="15" time="3.251" timestamp="2026-09-04T21:35:24.485092+00:00" hostname="agent-env-a1b0af65-492e-4828-9106-1e980f978288"><testcase classname="tests.test_liquidaudio.TestLibrary" name="test_a_get_library_initial" time="0.307" /><testcase classname="tests.test_liquidaudio.TestDiscovery" name="test_root" time="0.294" /><testcase classname="tests.test_liquidaudio.TestDiscovery" name="test_trending_default" time="0.290" /><testcase classname="tests.test_liquidaudio.TestDiscovery" name="test_trending_genre_electronic" time="0.237" /><testcase classname="tests.test_liquidaudio.TestLibrary" name="test_b_favorite_toggle_add_and_remove" time="0.649" /><testcase classname="tests.test_liquidaudio.TestDiscovery" name="test_search_lofi" time="0.321" /><testcase classname="tests.test_liquidaudio.TestLibrary" name="test_c_recent_add" time="0.078" /><testcase classname="tests.test_liquidaudio.TestLibrary" name="test_d_playlist_create" time="0.076" /><testcase classname="tests.test_liquidaudio.TestLibrary" name="test_e_playlist_add_track" time="0.121" /><testcase classname="tests.test_liquidaudio.TestDiscovery" name="test_search_missing_q_400" time="0.073" /><testcase classname="tests.test_liquidaudio.TestLyrics" name="test_lyrics_believer" time="0.406" /><testcase classname="tests.test_liquidaudio.TestLibrary" name="test_f_playlist_remove_track" time="0.083" /><testcase classname="tests.test_liquidaudio.TestLibrary" name="test_g_playlist_add_invalid_id_404" time="0.081" /><testcase classname="tests.test_liquidaudio.TestLyrics" name="test_lyrics_unknown_graceful" time="0.658" /><testcase classname="tests.test_liquidaudio.TestStream" name="test_stream_returns_audio" time="0.651" /></testsuite></testsuites>